<?xml version="1.0" encoding="UTF-8"?>
<!-- Generated by org.testng.reporters.JUnitReportReporter -->
<testsuite hostname="Sabias-iMac.home" failures="0" tests="1" name="TestNG_Annotations.GoogleSearch_TestNG" time="16.211" errors="0" timestamp="2020-05-17T12:45:12 EDT" skipped="0">
  <testcase classname="TestNG_Annotations.GoogleSearch_TestNG" name="googleSearch" time="16.211"/>
  <system-out>
Entering a value on element Search Field Submitting a value on element Google Search Button Capturing a text from element Search Results My Search number for BMW is 1,520,000,000 Entering a value on element Search Field Submitting a value on element Google Search Button Capturing a text from element Search Results My Search number for Lexus is 473,000,000  </system-out>
</testsuite> <!-- TestNG_Annotations.GoogleSearch_TestNG -->
